16:14:41 **** Build of configuration Debug for project Intset ****
make all 
Building file: ../intset.cpp
Invoking: GCC C++ Compiler
g++ -O0 -g3 -Wall -c -fmessage-length=0 -MMD -MP -MF"intset.d" -MT"intset.d" -o "intset.o" "../intset.cpp"
Finished building: ../intset.cpp
 
Building target: Intset
Invoking: GCC C++ Linker
g++  -o "Intset"  ./intset.o   
Finished building target: Intset
 
16:14:47 **** Incremental Build of configuration Debug for project Intset ****
make all 
make: Nothing to be done for `all'.
16:14:51 **** Incremental Build of configuration Debug for project Intset ****
make all 
make: Nothing to be done for `all'.
16:18:25 **** Incremental Build of configuration Debug for project Intset ****
make all 
Building file: ../intset.cpp
Invoking: GCC C++ Compiler
g++ -O0 -g3 -Wall -c -fmessage-length=0 -MMD -MP -MF"intset.d" -MT"intset.d" -o "intset.o" "../intset.cpp"
Finished building: ../intset.cpp
 
Building target: Intset
Invoking: GCC C++ Linker
g++  -o "Intset"  ./intset.o   
Finished building target: Intset
 
16:18:28 **** Incremental Build of configuration Debug for project Intset ****
make all 
make: Nothing to be done for `all'.
16:18:32 **** Incremental Build of configuration Debug for project Intset ****
make all 
make: Nothing to be done for `all'.
16:18:55 **** Incremental Build of configuration Debug for project Intset ****
make all 
Building file: ../intset.cpp
Invoking: GCC C++ Compiler
g++ -O0 -g3 -Wall -c -fmessage-length=0 -MMD -MP -MF"intset.d" -MT"intset.d" -o "intset.o" "../intset.cpp"
Finished building: ../intset.cpp
 
Building target: Intset
Invoking: GCC C++ Linker
g++  -o "Intset"  ./intset.o   
Finished building target: Intset
 
16:18:57 **** Incremental Build of configuration Debug for project Intset ****
make all 
make: Nothing to be done for `all'.
16:42:14 **** Incremental Build of configuration Debug for project Intset ****
make all 
make: Nothing to be done for `all'.
16:42:15 **** Build of configuration Debug for project Stlshape ****
make all 
Building file: ../Stlshape.cpp
Invoking: Cross G++ Compiler
g++ -O0 -g3 -Wall -c -fmessage-length=0 -MMD -MP -MF"Stlshape.d" -MT"Stlshape.d" -o "Stlshape.o" "../Stlshape.cpp"
Finished building: ../Stlshape.cpp
 
Building target: Stlshape
Invoking: Cross G++ Linker
g++  -o "Stlshape"  ./Stlshape.o   
Finished building target: Stlshape
 
16:42:22 **** Incremental Build of configuration Debug for project Stlshape ****
make all 
make: Nothing to be done for `all'.
16:44:57 **** Incremental Build of configuration Debug for project Intset ****
make all 
Building file: ../intset.cpp
Invoking: GCC C++ Compiler
g++ -O0 -g3 -Wall -c -fmessage-length=0 -MMD -MP -MF"intset.d" -MT"intset.d" -o "intset.o" "../intset.cpp"
Finished building: ../intset.cpp
 
Building target: Intset
Invoking: GCC C++ Linker
g++  -o "Intset"  ./intset.o   
Finished building target: Intset
 
16:44:57 **** Incremental Build of configuration Debug for project Stlshape ****
make all 
Building file: ../Stlshape.cpp
Invoking: Cross G++ Compiler
g++ -O0 -g3 -Wall -c -fmessage-length=0 -MMD -MP -MF"Stlshape.d" -MT"Stlshape.d" -o "Stlshape.o" "../Stlshape.cpp"
Finished building: ../Stlshape.cpp
 
Building target: Stlshape
Invoking: Cross G++ Linker
g++  -o "Stlshape"  ./Stlshape.o   
Finished building target: Stlshape
 
16:44:59 **** Incremental Build of configuration Debug for project Stlshape ****
make all 
make: Nothing to be done for `all'.
